[2018-08-09T16:24:04.455] [ERROR] error - 
*************** error log start ***************
request method: GET
request originalUrl: /tips
request client ip: ::1
request query: {}
response time: 18
err name: Error
err message: D:\myfile\project\06-nodejs\09-tips\views\tips\addTips.ejs:1
 >> 1| <%- include('layout/header') %>
    2|     <!-- 自定义内容部分开始 -->
    3|     小窍门内容
    4|     实用度

Could not find the include file "layout/header"
err stack: Error: D:\myfile\project\06-nodejs\09-tips\views\tips\addTips.ejs:1
 >> 1| <%- include('layout/header') %>
    2|     <!-- 自定义内容部分开始 -->
    3|     小窍门内容
    4|     实用度

Could not find the include file "layout/header"
    at getIncludePath (D:\myfile\project\06-nodejs\09-tips\node_modules\ejs\lib\ejs.js:162:13)
    at includeFile (D:\myfile\project\06-nodejs\09-tips\node_modules\ejs\lib\ejs.js:288:19)
    at include (D:\myfile\project\06-nodejs\09-tips\node_modules\ejs\lib\ejs.js:651:16)
    at eval (eval at compile (D:\myfile\project\06-nodejs\09-tips\node_modules\ejs\lib\ejs.js:618:12), <anonymous>:9:17)
    at returnedFn (D:\myfile\project\06-nodejs\09-tips\node_modules\ejs\lib\ejs.js:653:17)
    at D:\myfile\project\06-nodejs\09-tips\node_modules\consolidate\lib\consolidate.js:503:16
    at D:\myfile\project\06-nodejs\09-tips\node_modules\consolidate\lib\consolidate.js:144:5
    at Promise._execute (D:\myfile\project\06-nodejs\09-tips\node_modules\bluebird\js\release\debuggability.js:303:9)
    at Promise._resolveFromExecutor (D:\myfile\project\06-nodejs\09-tips\node_modules\bluebird\js\release\promise.js:483:18)
    at new Promise (D:\myfile\project\06-nodejs\09-tips\node_modules\bluebird\js\release\promise.js:79:10)
    at promisify (D:\myfile\project\06-nodejs\09-tips\node_modules\consolidate\lib\consolidate.js:137:10)
    at Function.exports.ejs.render (D:\myfile\project\06-nodejs\09-tips\node_modules\consolidate\lib\consolidate.js:499:10)
    at D:\myfile\project\06-nodejs\09-tips\node_modules\consolidate\lib\consolidate.js:165:27
    at D:\myfile\project\06-nodejs\09-tips\node_modules\consolidate\lib\consolidate.js:99:5
    at FSReqWrap.readFileAfterClose [as oncomplete] (fs.js:525:3)
*************** error log end ***************

[2018-08-09T16:25:20.010] [ERROR] error - 
*************** error log start ***************
request method: GET
request originalUrl: /tips
request client ip: ::1
request query: {}
response time: 10
err name: Error
err message: D:\myfile\project\06-nodejs\09-tips\views\tips\addTips.ejs:1
 >> 1| <%- include('./layout/header') %>
    2|     <!-- 自定义内容部分开始 -->
    3|     小窍门内容
    4|     实用度

Could not find the include file "./layout/header"
err stack: Error: D:\myfile\project\06-nodejs\09-tips\views\tips\addTips.ejs:1
 >> 1| <%- include('./layout/header') %>
    2|     <!-- 自定义内容部分开始 -->
    3|     小窍门内容
    4|     实用度

Could not find the include file "./layout/header"
    at getIncludePath (D:\myfile\project\06-nodejs\09-tips\node_modules\ejs\lib\ejs.js:162:13)
    at includeFile (D:\myfile\project\06-nodejs\09-tips\node_modules\ejs\lib\ejs.js:288:19)
    at include (D:\myfile\project\06-nodejs\09-tips\node_modules\ejs\lib\ejs.js:651:16)
    at eval (eval at compile (D:\myfile\project\06-nodejs\09-tips\node_modules\ejs\lib\ejs.js:618:12), <anonymous>:9:17)
    at returnedFn (D:\myfile\project\06-nodejs\09-tips\node_modules\ejs\lib\ejs.js:653:17)
    at D:\myfile\project\06-nodejs\09-tips\node_modules\consolidate\lib\consolidate.js:503:16
    at D:\myfile\project\06-nodejs\09-tips\node_modules\consolidate\lib\consolidate.js:144:5
    at Promise._execute (D:\myfile\project\06-nodejs\09-tips\node_modules\bluebird\js\release\debuggability.js:303:9)
    at Promise._resolveFromExecutor (D:\myfile\project\06-nodejs\09-tips\node_modules\bluebird\js\release\promise.js:483:18)
    at new Promise (D:\myfile\project\06-nodejs\09-tips\node_modules\bluebird\js\release\promise.js:79:10)
    at promisify (D:\myfile\project\06-nodejs\09-tips\node_modules\consolidate\lib\consolidate.js:137:10)
    at Function.exports.ejs.render (D:\myfile\project\06-nodejs\09-tips\node_modules\consolidate\lib\consolidate.js:499:10)
    at D:\myfile\project\06-nodejs\09-tips\node_modules\consolidate\lib\consolidate.js:165:27
    at D:\myfile\project\06-nodejs\09-tips\node_modules\consolidate\lib\consolidate.js:99:5
    at FSReqWrap.readFileAfterClose [as oncomplete] (fs.js:525:3)
*************** error log end ***************

