[2018-08-09T15:27:50.841] [ERROR] error - 
*************** error log start ***************
request method: GET
request originalUrl: /?q=123&search=
request client ip: ::1
request query: {"q":"123","search":""}
response time: 37
err name: Error
err message: D:\myfile\project\06-nodejs\09-tips\views\index.ejs:5
    3| 
    4|     <!-- 自定义内容部分结束 -->
 >> 5| <%- include('layout/footer') %>

D:\myfile\project\06-nodejs\09-tips\views\layout\footer.ejs:2
    1|         </div><!-- /.content-wrapper -->
 >> 2|       <%- include('layout/main-footer') %>
    3|     </div><!-- ./wrapper -->
    4|     
    5|     <script src="/adminlte/plugins/jQuery/jQuery-2.1.4.min.js"></script>

Could not find the include file "layout/main-footer"
err stack: Error: D:\myfile\project\06-nodejs\09-tips\views\index.ejs:5
    3| 
    4|     <!-- 自定义内容部分结束 -->
 >> 5| <%- include('layout/footer') %>

D:\myfile\project\06-nodejs\09-tips\views\layout\footer.ejs:2
    1|         </div><!-- /.content-wrapper -->
 >> 2|       <%- include('layout/main-footer') %>
    3|     </div><!-- ./wrapper -->
    4|     
    5|     <script src="/adminlte/plugins/jQuery/jQuery-2.1.4.min.js"></script>

Could not find the include file "layout/main-footer"
    at getIncludePath (D:\myfile\project\06-nodejs\09-tips\node_modules\ejs\lib\ejs.js:162:13)
    at includeFile (D:\myfile\project\06-nodejs\09-tips\node_modules\ejs\lib\ejs.js:288:19)
    at include (D:\myfile\project\06-nodejs\09-tips\node_modules\ejs\lib\ejs.js:651:16)
    at eval (eval at compile (D:\myfile\project\06-nodejs\09-tips\node_modules\ejs\lib\ejs.js:618:12), <anonymous>:11:17)
    at returnedFn (D:\myfile\project\06-nodejs\09-tips\node_modules\ejs\lib\ejs.js:653:17)
    at include (D:\myfile\project\06-nodejs\09-tips\node_modules\ejs\lib\ejs.js:651:39)
    at eval (eval at compile (D:\myfile\project\06-nodejs\09-tips\node_modules\ejs\lib\ejs.js:618:12), <anonymous>:12:17)
    at returnedFn (D:\myfile\project\06-nodejs\09-tips\node_modules\ejs\lib\ejs.js:653:17)
    at D:\myfile\project\06-nodejs\09-tips\node_modules\consolidate\lib\consolidate.js:503:16
    at D:\myfile\project\06-nodejs\09-tips\node_modules\consolidate\lib\consolidate.js:144:5
    at Promise._execute (D:\myfile\project\06-nodejs\09-tips\node_modules\bluebird\js\release\debuggability.js:303:9)
    at Promise._resolveFromExecutor (D:\myfile\project\06-nodejs\09-tips\node_modules\bluebird\js\release\promise.js:483:18)
    at new Promise (D:\myfile\project\06-nodejs\09-tips\node_modules\bluebird\js\release\promise.js:79:10)
    at promisify (D:\myfile\project\06-nodejs\09-tips\node_modules\consolidate\lib\consolidate.js:137:10)
    at Function.exports.ejs.render (D:\myfile\project\06-nodejs\09-tips\node_modules\consolidate\lib\consolidate.js:499:10)
    at D:\myfile\project\06-nodejs\09-tips\node_modules\consolidate\lib\consolidate.js:165:27
    at D:\myfile\project\06-nodejs\09-tips\node_modules\consolidate\lib\consolidate.js:99:5
    at FSReqWrap.readFileAfterClose [as oncomplete] (fs.js:525:3)
*************** error log end ***************

[2018-08-09T15:28:49.965] [ERROR] error - 
*************** error log start ***************
request method: GET
request originalUrl: /?q=123&search=
request client ip: ::1
request query: {"q":"123","search":""}
response time: 66
err name: Error
err message: D:\myfile\project\06-nodejs\09-tips\views\index.ejs:5
    3| 
    4|     <!-- 自定义内容部分结束 -->
 >> 5| <%- include('layout/footer') %>

D:\myfile\project\06-nodejs\09-tips\views\layout\footer.ejs:2
    1|         </div><!-- /.content-wrapper -->
 >> 2|       <%- include('layout/main-footer') %>
    3|     </div><!-- ./wrapper -->
    4|     
    5|     <script src="/adminlte/plugins/jQuery/jQuery-2.1.4.min.js"></script>

Could not find the include file "layout/main-footer"
err stack: Error: D:\myfile\project\06-nodejs\09-tips\views\index.ejs:5
    3| 
    4|     <!-- 自定义内容部分结束 -->
 >> 5| <%- include('layout/footer') %>

D:\myfile\project\06-nodejs\09-tips\views\layout\footer.ejs:2
    1|         </div><!-- /.content-wrapper -->
 >> 2|       <%- include('layout/main-footer') %>
    3|     </div><!-- ./wrapper -->
    4|     
    5|     <script src="/adminlte/plugins/jQuery/jQuery-2.1.4.min.js"></script>

Could not find the include file "layout/main-footer"
    at getIncludePath (D:\myfile\project\06-nodejs\09-tips\node_modules\ejs\lib\ejs.js:162:13)
    at includeFile (D:\myfile\project\06-nodejs\09-tips\node_modules\ejs\lib\ejs.js:288:19)
    at include (D:\myfile\project\06-nodejs\09-tips\node_modules\ejs\lib\ejs.js:651:16)
    at eval (eval at compile (D:\myfile\project\06-nodejs\09-tips\node_modules\ejs\lib\ejs.js:618:12), <anonymous>:11:17)
    at returnedFn (D:\myfile\project\06-nodejs\09-tips\node_modules\ejs\lib\ejs.js:653:17)
    at include (D:\myfile\project\06-nodejs\09-tips\node_modules\ejs\lib\ejs.js:651:39)
    at eval (eval at compile (D:\myfile\project\06-nodejs\09-tips\node_modules\ejs\lib\ejs.js:618:12), <anonymous>:12:17)
    at returnedFn (D:\myfile\project\06-nodejs\09-tips\node_modules\ejs\lib\ejs.js:653:17)
    at D:\myfile\project\06-nodejs\09-tips\node_modules\consolidate\lib\consolidate.js:503:16
    at D:\myfile\project\06-nodejs\09-tips\node_modules\consolidate\lib\consolidate.js:144:5
    at Promise._execute (D:\myfile\project\06-nodejs\09-tips\node_modules\bluebird\js\release\debuggability.js:303:9)
    at Promise._resolveFromExecutor (D:\myfile\project\06-nodejs\09-tips\node_modules\bluebird\js\release\promise.js:483:18)
    at new Promise (D:\myfile\project\06-nodejs\09-tips\node_modules\bluebird\js\release\promise.js:79:10)
    at promisify (D:\myfile\project\06-nodejs\09-tips\node_modules\consolidate\lib\consolidate.js:137:10)
    at Function.exports.ejs.render (D:\myfile\project\06-nodejs\09-tips\node_modules\consolidate\lib\consolidate.js:499:10)
    at D:\myfile\project\06-nodejs\09-tips\node_modules\consolidate\lib\consolidate.js:165:27
    at D:\myfile\project\06-nodejs\09-tips\node_modules\consolidate\lib\consolidate.js:99:5
    at FSReqWrap.readFileAfterClose [as oncomplete] (fs.js:525:3)
*************** error log end ***************

