[2018-08-16T16:29:25.841] [ERROR] error - 
*************** error log start ***************
request method: GET
request originalUrl: /tips/create
request client ip: ::1
request query: {}
response time: 5
err name: Error
err message: ENOENT: no such file or directory, stat 'D:\myfile\project\06-nodejs\09-tips\views\tips\addTips.ejs'
err stack: Error: ENOENT: no such file or directory, stat 'D:\myfile\project\06-nodejs\09-tips\views\tips\addTips.ejs'
*************** error log end ***************

[2018-08-16T16:29:38.484] [ERROR] error - 
*************** error log start ***************
request method: GET
request originalUrl: /tips/create
request client ip: ::1
request query: {}
response time: 3
err name: Error
err message: ENOENT: no such file or directory, stat 'D:\myfile\project\06-nodejs\09-tips\views\tips\addTips.ejs'
err stack: Error: ENOENT: no such file or directory, stat 'D:\myfile\project\06-nodejs\09-tips\views\tips\addTips.ejs'
*************** error log end ***************

