[2018-08-09T14:40:07.615] [ERROR] error - 
*************** error log start ***************
request method: GET
request originalUrl: /?q=123&search=
request client ip: ::1
request query: {"q":"123","search":""}
response time: 20
err name: Error
err message: D:\myfile\project\06-nodejs\09-tips\views\index.ejs:17
    15|   <body class="hold-transition skin-blue sidebar-mini">
    16|     <div class="wrapper">
 >> 17|       <%- include('main-header') %>
    18|       <%- include('main-sidebar') %>
    19| 
    20| 

Could not find the include file "main-header"
err stack: Error: D:\myfile\project\06-nodejs\09-tips\views\index.ejs:17
    15|   <body class="hold-transition skin-blue sidebar-mini">
    16|     <div class="wrapper">
 >> 17|       <%- include('main-header') %>
    18|       <%- include('main-sidebar') %>
    19| 
    20| 

Could not find the include file "main-header"
    at getIncludePath (D:\myfile\project\06-nodejs\09-tips\node_modules\ejs\lib\ejs.js:162:13)
    at includeFile (D:\myfile\project\06-nodejs\09-tips\node_modules\ejs\lib\ejs.js:288:19)
    at include (D:\myfile\project\06-nodejs\09-tips\node_modules\ejs\lib\ejs.js:651:16)
    at eval (eval at compile (D:\myfile\project\06-nodejs\09-tips\node_modules\ejs\lib\ejs.js:618:12), <anonymous>:11:17)
    at returnedFn (D:\myfile\project\06-nodejs\09-tips\node_modules\ejs\lib\ejs.js:653:17)
    at D:\myfile\project\06-nodejs\09-tips\node_modules\consolidate\lib\consolidate.js:503:16
    at D:\myfile\project\06-nodejs\09-tips\node_modules\consolidate\lib\consolidate.js:144:5
    at Promise._execute (D:\myfile\project\06-nodejs\09-tips\node_modules\bluebird\js\release\debuggability.js:303:9)
    at Promise._resolveFromExecutor (D:\myfile\project\06-nodejs\09-tips\node_modules\bluebird\js\release\promise.js:483:18)
    at new Promise (D:\myfile\project\06-nodejs\09-tips\node_modules\bluebird\js\release\promise.js:79:10)
    at promisify (D:\myfile\project\06-nodejs\09-tips\node_modules\consolidate\lib\consolidate.js:137:10)
    at Function.exports.ejs.render (D:\myfile\project\06-nodejs\09-tips\node_modules\consolidate\lib\consolidate.js:499:10)
    at D:\myfile\project\06-nodejs\09-tips\node_modules\consolidate\lib\consolidate.js:165:27
    at D:\myfile\project\06-nodejs\09-tips\node_modules\consolidate\lib\consolidate.js:99:5
    at FSReqWrap.readFileAfterClose [as oncomplete] (fs.js:525:3)
*************** error log end ***************

[2018-08-09T14:40:13.307] [ERROR] error - 
*************** error log start ***************
request method: GET
request originalUrl: /?q=123&search=
request client ip: ::1
request query: {"q":"123","search":""}
response time: 5
err name: Error
err message: D:\myfile\project\06-nodejs\09-tips\views\index.ejs:17
    15|   <body class="hold-transition skin-blue sidebar-mini">
    16|     <div class="wrapper">
 >> 17|       <%- include('main-header') %>
    18|       <%- include('main-sidebar') %>
    19| 
    20| 

Could not find the include file "main-header"
err stack: Error: D:\myfile\project\06-nodejs\09-tips\views\index.ejs:17
    15|   <body class="hold-transition skin-blue sidebar-mini">
    16|     <div class="wrapper">
 >> 17|       <%- include('main-header') %>
    18|       <%- include('main-sidebar') %>
    19| 
    20| 

Could not find the include file "main-header"
    at getIncludePath (D:\myfile\project\06-nodejs\09-tips\node_modules\ejs\lib\ejs.js:162:13)
    at includeFile (D:\myfile\project\06-nodejs\09-tips\node_modules\ejs\lib\ejs.js:288:19)
    at include (D:\myfile\project\06-nodejs\09-tips\node_modules\ejs\lib\ejs.js:651:16)
    at eval (eval at compile (D:\myfile\project\06-nodejs\09-tips\node_modules\ejs\lib\ejs.js:618:12), <anonymous>:11:17)
    at returnedFn (D:\myfile\project\06-nodejs\09-tips\node_modules\ejs\lib\ejs.js:653:17)
    at D:\myfile\project\06-nodejs\09-tips\node_modules\consolidate\lib\consolidate.js:503:16
    at D:\myfile\project\06-nodejs\09-tips\node_modules\consolidate\lib\consolidate.js:144:5
    at Promise._execute (D:\myfile\project\06-nodejs\09-tips\node_modules\bluebird\js\release\debuggability.js:303:9)
    at Promise._resolveFromExecutor (D:\myfile\project\06-nodejs\09-tips\node_modules\bluebird\js\release\promise.js:483:18)
    at new Promise (D:\myfile\project\06-nodejs\09-tips\node_modules\bluebird\js\release\promise.js:79:10)
    at promisify (D:\myfile\project\06-nodejs\09-tips\node_modules\consolidate\lib\consolidate.js:137:10)
    at Function.exports.ejs.render (D:\myfile\project\06-nodejs\09-tips\node_modules\consolidate\lib\consolidate.js:499:10)
    at D:\myfile\project\06-nodejs\09-tips\node_modules\consolidate\lib\consolidate.js:165:27
    at D:\myfile\project\06-nodejs\09-tips\node_modules\consolidate\lib\consolidate.js:99:5
    at FSReqWrap.readFileAfterClose [as oncomplete] (fs.js:525:3)
*************** error log end ***************

[2018-08-09T14:40:13.513] [ERROR] error - 
*************** error log start ***************
request method: GET
request originalUrl: /?q=123&search=
request client ip: ::1
request query: {"q":"123","search":""}
response time: 12
err name: Error
err message: D:\myfile\project\06-nodejs\09-tips\views\index.ejs:17
    15|   <body class="hold-transition skin-blue sidebar-mini">
    16|     <div class="wrapper">
 >> 17|       <%- include('main-header') %>
    18|       <%- include('main-sidebar') %>
    19| 
    20| 

Could not find the include file "main-header"
err stack: Error: D:\myfile\project\06-nodejs\09-tips\views\index.ejs:17
    15|   <body class="hold-transition skin-blue sidebar-mini">
    16|     <div class="wrapper">
 >> 17|       <%- include('main-header') %>
    18|       <%- include('main-sidebar') %>
    19| 
    20| 

Could not find the include file "main-header"
    at getIncludePath (D:\myfile\project\06-nodejs\09-tips\node_modules\ejs\lib\ejs.js:162:13)
    at includeFile (D:\myfile\project\06-nodejs\09-tips\node_modules\ejs\lib\ejs.js:288:19)
    at include (D:\myfile\project\06-nodejs\09-tips\node_modules\ejs\lib\ejs.js:651:16)
    at eval (eval at compile (D:\myfile\project\06-nodejs\09-tips\node_modules\ejs\lib\ejs.js:618:12), <anonymous>:11:17)
    at returnedFn (D:\myfile\project\06-nodejs\09-tips\node_modules\ejs\lib\ejs.js:653:17)
    at D:\myfile\project\06-nodejs\09-tips\node_modules\consolidate\lib\consolidate.js:503:16
    at D:\myfile\project\06-nodejs\09-tips\node_modules\consolidate\lib\consolidate.js:144:5
    at Promise._execute (D:\myfile\project\06-nodejs\09-tips\node_modules\bluebird\js\release\debuggability.js:303:9)
    at Promise._resolveFromExecutor (D:\myfile\project\06-nodejs\09-tips\node_modules\bluebird\js\release\promise.js:483:18)
    at new Promise (D:\myfile\project\06-nodejs\09-tips\node_modules\bluebird\js\release\promise.js:79:10)
    at promisify (D:\myfile\project\06-nodejs\09-tips\node_modules\consolidate\lib\consolidate.js:137:10)
    at Function.exports.ejs.render (D:\myfile\project\06-nodejs\09-tips\node_modules\consolidate\lib\consolidate.js:499:10)
    at D:\myfile\project\06-nodejs\09-tips\node_modules\consolidate\lib\consolidate.js:165:27
    at D:\myfile\project\06-nodejs\09-tips\node_modules\consolidate\lib\consolidate.js:99:5
    at FSReqWrap.readFileAfterClose [as oncomplete] (fs.js:525:3)
*************** error log end ***************

