[2018-08-17T18:10:08.956] [ERROR] error - 
*************** error log start ***************
request method: GET
request originalUrl: /tips/
request client ip: ::1
request query: {}
response time: 15
err name: ReferenceError
err message: findData is not defined
err stack: ReferenceError: findData is not defined
    at D:/myfile/project/06-nodejs/09-tips/routes/tips.js:6:20
    at Generator.next (<anonymous>)
    at step (D:\myfile\project\06-nodejs\09-tips\routes\tips.js:5:191)
    at D:\myfile\project\06-nodejs\09-tips\routes\tips.js:5:437
    at new Promise (<anonymous>)
    at D:\myfile\project\06-nodejs\09-tips\routes\tips.js:5:99
    at router.get (D:/myfile/project/06-nodejs/09-tips/routes/tips.js:4:1)
    at dispatch (D:\myfile\project\06-nodejs\09-tips\node_modules\koa-router\node_modules\koa-compose\index.js:44:32)
    at next (D:\myfile\project\06-nodejs\09-tips\node_modules\koa-router\node_modules\koa-compose\index.js:45:18)
    at D:\myfile\project\06-nodejs\09-tips\node_modules\koa-router\lib\router.js:346:16
    at dispatch (D:\myfile\project\06-nodejs\09-tips\node_modules\koa-router\node_modules\koa-compose\index.js:44:32)
    at next (D:\myfile\project\06-nodejs\09-tips\node_modules\koa-router\node_modules\koa-compose\index.js:45:18)
    at allowedMethods (D:\myfile\project\06-nodejs\09-tips\node_modules\koa-router\lib\router.js:407:12)
    at dispatch (D:\myfile\project\06-nodejs\09-tips\node_modules\koa-router\node_modules\koa-compose\index.js:44:32)
    at next (D:\myfile\project\06-nodejs\09-tips\node_modules\koa-router\node_modules\koa-compose\index.js:45:18)
    at D:\myfile\project\06-nodejs\09-tips\node_modules\koa-router\lib\router.js:346:16
    at dispatch (D:\myfile\project\06-nodejs\09-tips\node_modules\koa-router\node_modules\koa-compose\index.js:44:32)
    at D:\myfile\project\06-nodejs\09-tips\node_modules\koa-router\node_modules\koa-compose\index.js:36:12
    at dispatch (D:\myfile\project\06-nodejs\09-tips\node_modules\koa-router\lib\router.js:351:31)
    at dispatch (D:\myfile\project\06-nodejs\09-tips\node_modules\koa-compose\index.js:42:32)
    at views (D:\myfile\project\06-nodejs\09-tips\node_modules\koa-views\lib\index.js:61:12)
    at dispatch (D:\myfile\project\06-nodejs\09-tips\node_modules\koa-compose\index.js:42:32)
*************** error log end ***************

[2018-08-17T18:11:06.578] [ERROR] error - 
*************** error log start ***************
request method: GET
request originalUrl: /tips/
request client ip: ::1
request query: {}
response time: 22
err name: Error
err message: ReferenceError: getTipsList is not defined
err stack: Error: ReferenceError: getTipsList is not defined
    at D:/myfile/project/06-nodejs/09-tips/app/controller/tips.js:11:15
    at Generator.next (<anonymous>)
    at step (D:\myfile\project\06-nodejs\09-tips\app\controller\tips.js:7:191)
    at D:\myfile\project\06-nodejs\09-tips\app\controller\tips.js:7:361
    at <anonymous>
    at process._tickCallback (internal/process/next_tick.js:182:7)
*************** error log end ***************

[2018-08-17T18:12:29.126] [ERROR] error - 
*************** error log start ***************
request method: GET
request originalUrl: /tips/
request client ip: ::1
request query: {}
response time: 24
err name: Error
err message: ReferenceError: getTipsList is not defined
err stack: Error: ReferenceError: getTipsList is not defined
    at D:/myfile/project/06-nodejs/09-tips/app/controller/tips.js:11:15
    at Generator.next (<anonymous>)
    at step (D:\myfile\project\06-nodejs\09-tips\app\controller\tips.js:7:191)
    at D:\myfile\project\06-nodejs\09-tips\app\controller\tips.js:7:361
    at <anonymous>
    at process._tickCallback (internal/process/next_tick.js:182:7)
*************** error log end ***************

