[2018-08-08T17:44:36.733] [INFO] response - 
*************** response log start ***************
request method: GET
request originalUrl: /robots.txt
request client ip: ::1
request query: {}
response time: 1
response status: 404
response body: 
undefined
*************** response log end ***************

[2018-08-08T17:44:36.745] [INFO] response - 
*************** response log start ***************
request method: GET
request originalUrl: /
request client ip: ::1
request query: {}
response time: 1
response status: 404
response body: 
undefined
*************** response log end ***************

[2018-08-08T17:44:36.848] [INFO] response - 
*************** response log start ***************
request method: GET
request originalUrl: /favicon.ico
request client ip: ::1
request query: {}
response time: 1
response status: 404
response body: 
undefined
*************** response log end ***************

[2018-08-08T17:46:09.178] [INFO] response - 
*************** response log start ***************
request method: GET
request originalUrl: /
request client ip: ::1
request query: {}
response time: 1
response status: 404
response body: 
undefined
*************** response log end ***************

[2018-08-08T17:48:16.333] [INFO] response - 
*************** response log start ***************
request method: GET
request originalUrl: /
request client ip: ::1
request query: {}
response time: 1
response status: 404
response body: 
undefined
*************** response log end ***************

